<?xml version="1.0" encoding="UTF-8"?>
<!-- Generated by org.testng.reporters.JUnitXMLReporter -->
<testsuite ignored="0" hostname="LAPTOP-0SJ3B8VU" failures="0" tests="3" name="ValidateTitle" time="13.063" errors="0" timestamp="2021-12-19T22:44:22 IST">
  <testcase classname="Academy.ValidateTitle" name="basePageNavigation" time="7.81"/>
  <testcase classname="Academy.ValidateTitle" name="isNavigationBasDisplays" time="0.124"/>
  <testcase classname="Academy.ValidateTitle" name="verifyViewAllTestBoxAvailable" time="0.176"/>
</testsuite> <!-- ValidateTitle -->
