<?xml version="1.0" encoding="UTF-8"?>
<!-- Generated by org.testng.reporters.JUnitXMLReporter -->
<testsuite ignored="6" hostname="LAPTOP-0SJ3B8VU" failures="2" tests="2" name="ValidateNavigationBar" time="16.565" errors="0" timestamp="2021-12-20T14:45:29 IST">
  <testcase classname="Academy.ValidateNavigationBar" name="isNavigationBasDisplays" time="0.02">
    <failure type="java.lang.NullPointerException" message="Cannot invoke &amp;quot;org.openqa.selenium.WebDriver.findElement(org.openqa.selenium.By)&amp;quot; because &amp;quot;this.driver&amp;quot; is null">
      <![CDATA[java.lang.NullPointerException: Cannot invoke "org.openqa.selenium.WebDriver.findElement(org.openqa.selenium.By)" because "this.driver" is null
at pageObjects.LandingPage.getNavigationBar(LandingPage.java:35)
at Academy.ValidateNavigationBar.isNavigationBasDisplays(ValidateNavigationBar.java:34)
at java.base/java.util.ArrayList.forEach(ArrayList.java:1511)
at java.base/java.util.concurrent.FutureTask.run(FutureTask.java:264)
at java.base/java.util.concurrent.ThreadPoolExecutor.runWorker(ThreadPoolExecutor.java:1130)
at java.base/java.util.concurrent.ThreadPoolExecutor$Worker.run(ThreadPoolExecutor.java:630)
at java.base/java.lang.Thread.run(Thread.java:832)
... Removed 18 stack frames]]>
    </failure>
  </testcase> <!-- isNavigationBasDisplays -->
  <testcase classname="Academy.ValidateNavigationBar" name="isNavigationBasDisplays" time="0.057">
    <failure type="java.lang.NullPointerException" message="Cannot invoke &amp;quot;org.openqa.selenium.TakesScreenshot.getScreenshotAs(org.openqa.selenium.OutputType)&amp;quot; because &amp;quot;ts&amp;quot; is null">
      <![CDATA[java.lang.NullPointerException: Cannot invoke "org.openqa.selenium.TakesScreenshot.getScreenshotAs(org.openqa.selenium.OutputType)" because "ts" is null
at Resources.Base.getScreenShotPath(Base.java:90)
at Academy.Listeners.onTestFailure(Listeners.java:47)
at java.base/java.util.ArrayList.forEach(ArrayList.java:1511)
at java.base/java.util.concurrent.FutureTask.run(FutureTask.java:264)
at java.base/java.util.concurrent.ThreadPoolExecutor.runWorker(ThreadPoolExecutor.java:1130)
at java.base/java.util.concurrent.ThreadPoolExecutor$Worker.run(ThreadPoolExecutor.java:630)
at java.base/java.lang.Thread.run(Thread.java:832)
... Removed 15 stack frames]]>
    </failure>
  </testcase> <!-- isNavigationBasDisplays -->
  <testcase classname="Resources.Base" name="@BeforeTest initializeDriver" time="0.0">
    <ignored/>
  </testcase> <!-- @BeforeTest initializeDriver -->
  <testcase classname="Resources.Base" name="@BeforeTest initializeDriver" time="0.0">
    <ignored/>
  </testcase> <!-- @BeforeTest initializeDriver -->
  <testcase classname="Resources.Base" name="@BeforeTest initializeDriver" time="0.0">
    <ignored/>
  </testcase> <!-- @BeforeTest initializeDriver -->
  <testcase classname="Resources.Base" name="@AfterTest tearDown" time="0.0">
    <ignored/>
  </testcase> <!-- @AfterTest tearDown -->
  <testcase classname="Resources.Base" name="@AfterTest tearDown" time="0.0">
    <ignored/>
  </testcase> <!-- @AfterTest tearDown -->
  <testcase classname="Resources.Base" name="@AfterTest tearDown" time="0.0">
    <ignored/>
  </testcase> <!-- @AfterTest tearDown -->
</testsuite> <!-- ValidateNavigationBar -->
