<?xml version="1.0" encoding="UTF-8"?>
<!-- Generated by org.testng.reporters.JUnitXMLReporter -->
<testsuite ignored="0" hostname="LAPTOP-0SJ3B8VU" failures="0" tests="3" name="ValidateTitle" time="16.89" errors="0" timestamp="2021-12-20T14:31:15 IST">
  <testcase classname="Academy.ValidateTitle" name="basePageNavigation" time="0.161"/>
  <testcase classname="Academy.ValidateTitle" name="isNavigationBasDisplays" time="0.142"/>
  <testcase classname="Academy.ValidateTitle" name="verifyViewAllTestBoxAvailable" time="0.091"/>
</testsuite> <!-- ValidateTitle -->
