<?xml version="1.0" encoding="UTF-8"?>
<testng-results ignored="0" total="2" passed="2" failed="0" skipped="0">
  <reporter-output>
  </reporter-output>
  <suite started-at="2021-12-20T14:54:06 IST" name="Default suite" finished-at="2021-12-20T14:54:49 IST" duration-ms="43664">
    <groups>
    </groups>
    <test started-at="2021-12-20T14:54:06 IST" name="Default test" finished-at="2021-12-20T14:54:49 IST" duration-ms="43664">
      <class name="Academy.HomePage">
        <test-method is-config="true" signature="initializeDriver()[pri:0, instance:Academy.HomePage@1817d444]" started-at="2021-12-20T14:54:06 IST" name="initializeDriver" finished-at="2021-12-20T14:54:16 IST" duration-ms="10770" status="PASS">
          <reporter-output>
          </reporter-output>
        </test-method> <!-- initializeDriver -->
        <test-method is-config="true" signature="beforeMethod()[pri:0, instance:Academy.HomePage@1817d444]" started-at="2021-12-20T14:54:16 IST" name="beforeMethod" finished-at="2021-12-20T14:54:19 IST" duration-ms="2471" status="PASS">
          <reporter-output>
          </reporter-output>
        </test-method> <!-- beforeMethod -->
        <test-method signature="verifyInvalidCredentialMessage(java.lang.String, java.lang.String, java.lang.String)[pri:0, instance:Academy.HomePage@1817d444]" started-at="2021-12-20T14:54:19 IST" name="verifyInvalidCredentialMessage" data-provider="getData" finished-at="2021-12-20T14:54:34 IST" duration-ms="15242" status="PASS">
          <params>
            <param index="0">
              <value>
                <![CDATA[Akshay@Test.com]]>
              </value>
            </param>
            <param index="1">
              <value>
                <![CDATA[123456]]>
              </value>
            </param>
            <param index="2">
              <value>
                <![CDATA[Restricted User]]>
              </value>
            </param>
          </params>
          <reporter-output>
          </reporter-output>
        </test-method> <!-- verifyInvalidCredentialMessage -->
        <test-method is-config="true" signature="beforeMethod()[pri:0, instance:Academy.HomePage@1817d444]" started-at="2021-12-20T14:54:34 IST" name="beforeMethod" finished-at="2021-12-20T14:54:36 IST" duration-ms="1672" status="PASS">
          <reporter-output>
          </reporter-output>
        </test-method> <!-- beforeMethod -->
        <test-method signature="verifyInvalidCredentialMessage(java.lang.String, java.lang.String, java.lang.String)[pri:0, instance:Academy.HomePage@1817d444]" started-at="2021-12-20T14:54:36 IST" name="verifyInvalidCredentialMessage" data-provider="getData" finished-at="2021-12-20T14:54:49 IST" duration-ms="13330" status="PASS">
          <params>
            <param index="0">
              <value>
                <![CDATA[Sanjay@Test.com]]>
              </value>
            </param>
            <param index="1">
              <value>
                <![CDATA[54647]]>
              </value>
            </param>
            <param index="2">
              <value>
                <![CDATA[Non Restricted User]]>
              </value>
            </param>
          </params>
          <reporter-output>
          </reporter-output>
        </test-method> <!-- verifyInvalidCredentialMessage -->
        <test-method is-config="true" signature="tearDown()[pri:0, instance:Academy.HomePage@1817d444]" started-at="2021-12-20T14:54:49 IST" name="tearDown" finished-at="2021-12-20T14:54:49 IST" duration-ms="124" status="PASS">
          <reporter-output>
          </reporter-output>
        </test-method> <!-- tearDown -->
      </class> <!-- Academy.HomePage -->
    </test> <!-- Default test -->
  </suite> <!-- Default suite -->
</testng-results>
