<?xml version="1.0" encoding="UTF-8"?>
<testng-results ignored="0" total="6" passed="6" failed="0" skipped="0">
  <reporter-output>
  </reporter-output>
  <suite started-at="2021-12-19T22:44:08 IST" name="Suite" finished-at="2021-12-19T22:45:00 IST" duration-ms="51759">
    <groups>
    </groups>
    <test started-at="2021-12-19T22:44:08 IST" name="ValidateNavigationBar" finished-at="2021-12-19T22:44:20 IST" duration-ms="11795">
      <class name="Academy.ValidateNavigationBar">
        <test-method is-config="true" signature="initializeDriver()[pri:0, instance:Academy.ValidateNavigationBar@555cf22]" started-at="2021-12-19T22:44:08 IST" name="initializeDriver" finished-at="2021-12-19T22:44:13 IST" duration-ms="4354" status="PASS">
          <reporter-output>
          </reporter-output>
        </test-method> <!-- initializeDriver -->
        <test-method signature="isNavigationBasDisplays()[pri:0, instance:Academy.ValidateNavigationBar@555cf22]" started-at="2021-12-19T22:44:13 IST" name="isNavigationBasDisplays" finished-at="2021-12-19T22:44:20 IST" duration-ms="7181" status="PASS">
          <reporter-output>
          </reporter-output>
        </test-method> <!-- isNavigationBasDisplays -->
        <test-method is-config="true" signature="tearDown()[pri:0, instance:Academy.ValidateNavigationBar@555cf22]" started-at="2021-12-19T22:44:20 IST" name="tearDown" finished-at="2021-12-19T22:44:20 IST" duration-ms="169" status="PASS">
          <reporter-output>
          </reporter-output>
        </test-method> <!-- tearDown -->
      </class> <!-- Academy.ValidateNavigationBar -->
    </test> <!-- ValidateNavigationBar -->
    <test started-at="2021-12-19T22:44:08 IST" name="ValidateTitle" finished-at="2021-12-19T22:44:22 IST" duration-ms="13063">
      <class name="Academy.ValidateTitle">
        <test-method is-config="true" signature="initializeDriver()[pri:0, instance:Academy.ValidateTitle@52de51b6]" started-at="2021-12-19T22:44:08 IST" name="initializeDriver" finished-at="2021-12-19T22:44:13 IST" duration-ms="4354" status="PASS">
          <reporter-output>
          </reporter-output>
        </test-method> <!-- initializeDriver -->
        <test-method signature="basePageNavigation()[pri:1, instance:Academy.ValidateTitle@52de51b6]" started-at="2021-12-19T22:44:13 IST" name="basePageNavigation" finished-at="2021-12-19T22:44:21 IST" duration-ms="7810" status="PASS">
          <reporter-output>
          </reporter-output>
        </test-method> <!-- basePageNavigation -->
        <test-method signature="isNavigationBasDisplays()[pri:2, instance:Academy.ValidateTitle@52de51b6]" started-at="2021-12-19T22:44:21 IST" name="isNavigationBasDisplays" finished-at="2021-12-19T22:44:21 IST" duration-ms="124" status="PASS">
          <reporter-output>
          </reporter-output>
        </test-method> <!-- isNavigationBasDisplays -->
        <test-method signature="verifyViewAllTestBoxAvailable()[pri:3, instance:Academy.ValidateTitle@52de51b6]" started-at="2021-12-19T22:44:21 IST" name="verifyViewAllTestBoxAvailable" finished-at="2021-12-19T22:44:21 IST" duration-ms="176" status="PASS">
          <reporter-output>
          </reporter-output>
        </test-method> <!-- verifyViewAllTestBoxAvailable -->
        <test-method is-config="true" signature="tearDown()[pri:0, instance:Academy.ValidateTitle@52de51b6]" started-at="2021-12-19T22:44:21 IST" name="tearDown" finished-at="2021-12-19T22:44:22 IST" duration-ms="530" status="PASS">
          <reporter-output>
          </reporter-output>
        </test-method> <!-- tearDown -->
      </class> <!-- Academy.ValidateTitle -->
    </test> <!-- ValidateTitle -->
    <test started-at="2021-12-19T22:44:08 IST" name="HomePage" finished-at="2021-12-19T22:45:00 IST" duration-ms="51759">
      <class name="Academy.HomePage">
        <test-method is-config="true" signature="initializeDriver()[pri:0, instance:Academy.HomePage@47a5b70d]" started-at="2021-12-19T22:44:08 IST" name="initializeDriver" finished-at="2021-12-19T22:44:13 IST" duration-ms="4354" status="PASS">
          <reporter-output>
          </reporter-output>
        </test-method> <!-- initializeDriver -->
        <test-method signature="verifyInvalidCredentialMessage(java.lang.String, java.lang.String, java.lang.String)[pri:0, instance:Academy.HomePage@47a5b70d]" started-at="2021-12-19T22:44:13 IST" name="verifyInvalidCredentialMessage" data-provider="getData" finished-at="2021-12-19T22:44:46 IST" duration-ms="33512" status="PASS">
          <params>
            <param index="0">
              <value>
                <![CDATA[Akshay@Test.com]]>
              </value>
            </param>
            <param index="1">
              <value>
                <![CDATA[123456]]>
              </value>
            </param>
            <param index="2">
              <value>
                <![CDATA[Restricted User]]>
              </value>
            </param>
          </params>
          <reporter-output>
          </reporter-output>
        </test-method> <!-- verifyInvalidCredentialMessage -->
        <test-method signature="verifyInvalidCredentialMessage(java.lang.String, java.lang.String, java.lang.String)[pri:0, instance:Academy.HomePage@47a5b70d]" started-at="2021-12-19T22:44:46 IST" name="verifyInvalidCredentialMessage" data-provider="getData" finished-at="2021-12-19T22:45:00 IST" duration-ms="13719" status="PASS">
          <params>
            <param index="0">
              <value>
                <![CDATA[Sanjay@Test.com]]>
              </value>
            </param>
            <param index="1">
              <value>
                <![CDATA[54647]]>
              </value>
            </param>
            <param index="2">
              <value>
                <![CDATA[Non Restricted User]]>
              </value>
            </param>
          </params>
          <reporter-output>
          </reporter-output>
        </test-method> <!-- verifyInvalidCredentialMessage -->
        <test-method is-config="true" signature="tearDown()[pri:0, instance:Academy.HomePage@47a5b70d]" started-at="2021-12-19T22:45:00 IST" name="tearDown" finished-at="2021-12-19T22:45:00 IST" duration-ms="111" status="PASS">
          <reporter-output>
          </reporter-output>
        </test-method> <!-- tearDown -->
      </class> <!-- Academy.HomePage -->
    </test> <!-- HomePage -->
  </suite> <!-- Suite -->
</testng-results>
